[30m16:25:41.221 [main] INFO  org.springframework.data.repository.config.RepositoryConfigurationDelegate - Bootstrapping Spring Data JPA repositories in DEFAULT mode.
[m[30m16:25:41.242 [main] INFO  org.springframework.data.repository.config.RepositoryConfigurationDelegate - Finished Spring Data repository scanning in 7 ms. Found 0 JPA repository interfaces.
[m[30m16:25:42.024 [main] INFO  org.springframework.boot.web.embedded.tomcat.TomcatWebServer - Tomcat initialized with port(s): 8080 (http)
[m[30m16:25:42.052 [main] INFO  org.apache.coyote.http11.Http11NioProtocol - Initializing ProtocolHandler ["http-nio-8080"]
[m[30m16:25:42.052 [main] INFO  org.apache.catalina.core.StandardService - Starting service [Tomcat]
[m[30m16:25:42.053 [main] INFO  org.apache.catalina.core.StandardEngine - Starting Servlet engine: [Apache Tomcat/9.0.68]
[m[30m16:25:42.187 [main] INFO  org.apache.catalina.core.ContainerBase.[Tomcat].[localhost].[/] - Initializing Spring embedded WebApplicationContext
[m[30m16:25:42.187 [main] INFO  org.springframework.boot.web.servlet.context.ServletWebServerApplicationContext - Root WebApplicationContext: initialization completed in 1804 ms
[m[30m16:25:42.415 [main] INFO  org.hibernate.jpa.internal.util.LogHelper - HHH000204: Processing PersistenceUnitInfo [name: default]
[m[30m16:25:42.505 [main] INFO  org.hibernate.Version - HHH000412: Hibernate ORM core version 5.6.12.Final
[m[30m16:25:42.787 [main] INFO  org.hibernate.annotations.common.Version - HCANN000001: Hibernate Commons Annotations {5.1.2.Final}
[m[30m16:25:43.438 [main] INFO  org.hibernate.dialect.Dialect - HHH000400: Using dialect: org.hibernate.dialect.MySQL8Dialect
[m[30m16:25:43.904 [main] INFO  org.hibernate.engine.transaction.jta.platform.internal.JtaPlatformInitiator - HHH000490: Using JtaPlatform implementation: [org.hibernate.engine.transaction.jta.platform.internal.NoJtaPlatform]
[m[30m16:25:43.918 [main] INFO  org.springframework.orm.jpa.LocalContainerEntityManagerFactoryBean - Initialized JPA EntityManagerFactory for persistence unit 'default'
[m[m16:25:44.148 [main] WARN  org.springframework.boot.autoconfigure.orm.jpa.JpaBaseConfiguration$JpaWebConfiguration - spring.jpa.open-in-view is enabled by default. Therefore, database queries may be performed during view rendering. Explicitly configure spring.jpa.open-in-view to disable this warning
[m[30m16:25:44.629 [main] INFO  org.apache.coyote.http11.Http11NioProtocol - Starting ProtocolHandler ["http-nio-8080"]
[m[30m16:25:44.654 [main] INFO  org.springframework.boot.web.embedded.tomcat.TomcatWebServer - Tomcat started on port(s): 8080 (http) with context path ''
[m[30m16:25:44.656 [main] INFO  org.springframework.messaging.simp.broker.SimpleBrokerMessageHandler - Starting...
[m[30m16:25:44.656 [main] INFO  org.springframework.messaging.simp.broker.SimpleBrokerMessageHandler - BrokerAvailabilityEvent[available=true, SimpleBrokerMessageHandler [org.springframework.messaging.simp.broker.DefaultSubscriptionRegistry@6dbeaef8]]
[m[30m16:25:44.657 [main] INFO  org.springframework.messaging.simp.broker.SimpleBrokerMessageHandler - Started.
[m[30m16:26:13.475 [SpringApplicationShutdownHook] INFO  org.springframework.messaging.simp.broker.SimpleBrokerMessageHandler - Stopping...
[m[30m16:26:13.476 [SpringApplicationShutdownHook] INFO  org.springframework.messaging.simp.broker.SimpleBrokerMessageHandler - BrokerAvailabilityEvent[available=false, SimpleBrokerMessageHandler [org.springframework.messaging.simp.broker.DefaultSubscriptionRegistry@6dbeaef8]]
[m[30m16:26:13.476 [SpringApplicationShutdownHook] INFO  org.springframework.messaging.simp.broker.SimpleBrokerMessageHandler - Stopped.
[m[30m16:26:13.496 [SpringApplicationShutdownHook] INFO  org.springframework.orm.jpa.LocalContainerEntityManagerFactoryBean - Closing JPA EntityManagerFactory for persistence unit 'default'
[m